  main.cpp
C:\Users\Rizwan\Desktop\project7\project7\Summation.h(10,9): error C3646: 'magnitude': unknown override specifier
C:\Users\Rizwan\Desktop\project7\project7\Summation.h(10,18): error C4430: missing type specifier - int assumed. Note: C++ does not support default-int
C:\Users\Rizwan\Desktop\project7\project7\Summation.h(14,25): error C2061: syntax error: identifier 'string'
C:\Users\Rizwan\Desktop\project7\project7\Summation.h(16,18): error C2061: syntax error: identifier 'string'
C:\Users\Rizwan\Desktop\project7\project7\main.cpp(19,38): error C2661: 'Summation::Summation': no overloaded function takes 3 arguments
  Source.cpp
C:\Users\Rizwan\Desktop\project7\project7\Summation.h(10,9): error C3646: 'magnitude': unknown override specifier
C:\Users\Rizwan\Desktop\project7\project7\Summation.h(10,18): error C4430: missing type specifier - int assumed. Note: C++ does not support default-int
C:\Users\Rizwan\Desktop\project7\project7\Summation.h(14,25): error C2061: syntax error: identifier 'string'
C:\Users\Rizwan\Desktop\project7\project7\Summation.h(16,18): error C2061: syntax error: identifier 'string'
C:\Users\Rizwan\Desktop\project7\project7\Source.cpp(6,17): error C2511: 'void Summation::calSum(int,std::string,int)': overloaded member function not found in 'Summation'
C:\Users\Rizwan\Desktop\project7\project7\Summation.h(6): message : see declaration of 'Summation'
C:\Users\Rizwan\Desktop\project7\project7\Source.cpp(8,2): error C2597: illegal reference to non-static member 'Summation::resultant'
C:\Users\Rizwan\Desktop\project7\project7\Summation.h(11): message : see declaration of 'Summation::resultant'
C:\Users\Rizwan\Desktop\project7\project7\Source.cpp(13,29): error C2597: illegal reference to non-static member 'Summation::resultant'
C:\Users\Rizwan\Desktop\project7\project7\Source.cpp(13,29): error C3867: 'Summation::resultant': non-standard syntax; use '&' to create a pointer to member
C:\Users\Rizwan\Desktop\project7\project7\Source.cpp(13,29): error C2568: '+': unable to resolve function overload
C:\Users\Rizwan\Desktop\project7\project7\Source.cpp(20,33): error C2597: illegal reference to non-static member 'Summation::resultant'
C:\Users\Rizwan\Desktop\project7\project7\Source.cpp(20,33): error C3867: 'Summation::resultant': non-standard syntax; use '&' to create a pointer to member
C:\Users\Rizwan\Desktop\project7\project7\Source.cpp(20,33): error C2568: '+': unable to resolve function overload
C:\Users\Rizwan\Desktop\project7\project7\Source.cpp(27,33): error C2597: illegal reference to non-static member 'Summation::resultant'
C:\Users\Rizwan\Desktop\project7\project7\Source.cpp(27,33): error C3867: 'Summation::resultant': non-standard syntax; use '&' to create a pointer to member
C:\Users\Rizwan\Desktop\project7\project7\Source.cpp(27,33): error C2568: '+': unable to resolve function overload
C:\Users\Rizwan\Desktop\project7\project7\Source.cpp(31,12): error C2511: 'Summation::Summation(int,std::string,int)': overloaded member function not found in 'Summation'
C:\Users\Rizwan\Desktop\project7\project7\Summation.h(6): message : see declaration of 'Summation'
C:\Users\Rizwan\Desktop\project7\project7\Source.cpp(33,2): error C2597: illegal reference to non-static member 'Summation::range'
C:\Users\Rizwan\Desktop\project7\project7\Summation.h(9): message : see declaration of 'Summation::range'
C:\Users\Rizwan\Desktop\project7\project7\Source.cpp(34,2): error C2065: 'magnitude': undeclared identifier
C:\Users\Rizwan\Desktop\project7\project7\Source.cpp(35,9): error C2597: illegal reference to non-static member 'Summation::range'
C:\Users\Rizwan\Desktop\project7\project7\Summation.h(9): message : see declaration of 'Summation::range'
C:\Users\Rizwan\Desktop\project7\project7\Source.cpp(35,16): error C2065: 'magnitude': undeclared identifier
C:\Users\Rizwan\Desktop\project7\project7\Source.cpp(41,16): error C2065: 'magnitude': undeclared identifier
  Generating Code...
